<?xml version="1.0"?>
<testsuites>
  <testsuite name="Chrome 54.0.2840 (Linux 0.0.0)" package="unit" timestamp="2016-11-02T03:05:46" id="0" hostname="agu-TWS" tests="0" errors="1" failures="0" time="0">
    <properties>
      <property name="browser.fullName" value="Mozilla/5.0 (X11; Linux x86_64) AppleWebKit/537.36 (KHTML, like Gecko) Chrome/54.0.2840.71 Safari/537.36"/>
    </properties>
    <system-out><![CDATA[Chrome 54.0.2840 (Linux 0.0.0) ERROR
  Uncaught ReferenceError: module is not defined
  at /home/agu/Repositorios/me-quiero-ir-api/models/user.js:9

]]></system-out>
    <system-err/>
  </testsuite>
</testsuites>
